  Application.cpp
  IndexBuffer.cpp
  Renderer.cpp
  Shader.cpp
  TestClearColor.cpp
  Texture.cpp
  glm.cpp
  imgui.cpp
  imgui_demo.cpp
  imgui_draw.cpp
  imgui_impl_glfw_gl3.cpp
  imgui_widgets.cpp
  stb_image.cpp
  VertexArray.cpp
  VertexBuffer.cpp
  VertexBufferLayout.cpp
  Generating Code...
LINK : warning LNK4098: defaultlib 'MSVCRT' conflicts with use of other libs; use /NODEFAULTLIB:library
LINK : warning LNK4098: defaultlib 'LIBCMT' conflicts with use of other libs; use /NODEFAULTLIB:library
glew32s.lib(glew.obj) : warning LNK4099: PDB 'vc120.pdb' was not found with 'glew32s.lib(glew.obj)' or at 'C:\Users\Asus\Documents\Visual Studio Projects\cherno_opengl_series\lecture_one\lec_one\Debug\vc120.pdb'; linking object as if no debug info
  lec_one.vcxproj -> C:\Users\Asus\Documents\Visual Studio Projects\cherno_opengl_series\lecture_one\lec_one\Debug\lec_one.exe
